2026-07-11 11:36:21.787 xcodebuild[25834:160074]  DVTErrorPresenter: Unable to load simulator devices.
Domain: DVTCoreSimulatorAdditionsErrorDomain
Code: 3
Failure Reason: The version of the CoreSimulator framework installed on this Mac is out-of-date and not supported by this version of Xcode.
Recovery Suggestion: Please ensure that you have installed all available updates to your Mac's software, and that you are running the most recent version of Xcode supported by macOS.
--
CoreSimulator is out of date. Current version (1051.54.0) is older than build version (1051.55.0).
Domain: DVTCoreSimulatorAdditionsErrorDomain
Code: 3
--

2026-07-11 11:36:21.787 xcodebuild[25834:160074]  iOSSimulator: [SimServiceContext sharedServiceContextForDeveloperDir:error:] returned nil (Error Domain=DVTCoreSimulatorAdditionsErrorDomain Code=3 "CoreSimulator is out of date. Current version (1051.54.0) is older than build version (1051.55.0)." UserInfo={NSLocalizedDescription=CoreSimulator is out of date. Current version (1051.54.0) is older than build version (1051.55.0).}). Simulator device support disabled.
Command line invocation:
    /Applications/Xcode.app/Contents/Developer/usr/bin/xcodebuild -project Mttone.xcodeproj -scheme Mttone -configuration Debug -derivedDataPath build_output -destination platform=macOS

Resolve Package Graph


Resolved source packages:
  yyjson: https://github.com/ibireme/yyjson.git @ 0.12.0
  swift-collections: https://github.com/apple/swift-collections.git @ 1.6.0
  Jinja: https://github.com/huggingface/swift-jinja.git @ 2.3.6
  FluidAudio: https://github.com/FluidInference/FluidAudio.git @ main (9c20d9b)
  swift-transformers: https://github.com/huggingface/swift-transformers.git @ 1.1.9
  whisperkit: https://github.com/argmaxinc/WhisperKit.git @ 0.18.0
  swift-argument-parser: https://github.com/apple/swift-argument-parser.git @ 1.8.2
  swift-asn1: https://github.com/apple/swift-asn1.git @ 1.7.1
  swift-crypto: https://github.com/apple/swift-crypto.git @ 4.5.0

--- xcodebuild: WARNING: Using the first of multiple matching destinations:
{ platform:macOS, arch:arm64, id:00008122-001E20A81ADA001C, name:My Mac }
{ platform:macOS, arch:x86_64, id:00008122-001E20A81ADA001C, name:My Mac }
{ platform:macOS, arch:arm64, variant:Designed for [iPad,iPhone], id:00008122-001E20A81ADA001C, name:My Mac }
ComputePackagePrebuildTargetDependencyGraph

Prepare packages

CreateBuildRequest

SendProjectDescription

CreateBuildOperation

ComputeTargetDependencyGraph
note: Building targets in dependency order
note: Target dependency graph (23 targets)
    Target 'Mttone' in project 'Mttone'
        ➜ Explicit dependency on target 'WhisperKit' in project 'whisperkit'
        ➜ Explicit dependency on target 'FluidAudio' in project 'FluidAudio'
    Target 'FluidAudio' in project 'FluidAudio'
        ➜ Explicit dependency on target 'FluidAudio' in project 'FluidAudio'
        ➜ Explicit dependency on target 'FastClusterWrapper' in project 'FluidAudio'
        ➜ Explicit dependency on target 'MachTaskSelfWrapper' in project 'FluidAudio'
    Target 'FluidAudio' in project 'FluidAudio'
        ➜ Explicit dependency on target 'FastClusterWrapper' in project 'FluidAudio'
        ➜ Explicit dependency on target 'MachTaskSelfWrapper' in project 'FluidAudio'
    Target 'MachTaskSelfWrapper' in project 'FluidAudio' (no dependencies)
    Target 'FastClusterWrapper' in project 'FluidAudio' (no dependencies)
    Target 'WhisperKit' in project 'whisperkit'
        ➜ Explicit dependency on target 'WhisperKit' in project 'whisperkit'
        ➜ Explicit dependency on target 'ArgmaxCore' in project 'whisperkit'
        ➜ Explicit dependency on target 'Hub' in project 'swift-transformers'
        ➜ Explicit dependency on target 'Tokenizers' in project 'swift-transformers'
    Target 'WhisperKit' in project 'whisperkit'
        ➜ Explicit dependency on target 'ArgmaxCore' in project 'whisperkit'
        ➜ Explicit dependency on target 'Hub' in project 'swift-transformers'
        ➜ Explicit dependency on target 'Tokenizers' in project 'swift-transformers'
    Target 'Tokenizers' in project 'swift-transformers'
        ➜ Explicit dependency on target 'Tokenizers' in project 'swift-transformers'
        ➜ Explicit dependency on target 'Hub' in project 'swift-transformers'
        ➜ Explicit dependency on target 'Jinja' in project 'Jinja'
        ➜ Explicit dependency on target 'OrderedCollections' in project 'swift-collections'
        ➜ Explicit dependency on target 'Crypto' in project 'swift-crypto'
        ➜ Explicit dependency on target 'yyjson' in project 'yyjson'
    Target 'Tokenizers' in project 'swift-transformers'
        ➜ Explicit dependency on target 'Hub' in project 'swift-transformers'
        ➜ Explicit dependency on target 'Jinja' in project 'Jinja'
        ➜ Explicit dependency on target 'OrderedCollections' in project 'swift-collections'
        ➜ Explicit dependency on target 'Crypto' in project 'swift-crypto'
        ➜ Explicit dependency on target 'yyjson' in project 'yyjson'
    Target 'ArgmaxCore' in project 'whisperkit'
        ➜ Explicit dependency on target 'Hub' in project 'swift-transformers'
    Target 'Hub' in project 'swift-transformers'
        ➜ Explicit dependency on target 'Hub' in project 'swift-transformers'
        ➜ Explicit dependency on target 'swift-transformers_Hub' in project 'swift-transformers'
        ➜ Explicit dependency on target 'Jinja' in project 'Jinja'
        ➜ Explicit dependency on target 'OrderedCollections' in project 'swift-collections'
        ➜ Explicit dependency on target 'Crypto' in project 'swift-crypto'
        ➜ Explicit dependency on target 'yyjson' in project 'yyjson'
    Target 'Hub' in project 'swift-transformers'
        ➜ Explicit dependency on target 'swift-transformers_Hub' in project 'swift-transformers'
        ➜ Explicit dependency on target 'Jinja' in project 'Jinja'
        ➜ Explicit dependency on target 'OrderedCollections' in project 'swift-collections'
        ➜ Explicit dependency on target 'Crypto' in project 'swift-crypto'
        ➜ Explicit dependency on target 'yyjson' in project 'yyjson'
    Target 'yyjson' in project 'yyjson'
        ➜ Explicit dependency on target 'yyjson' in project 'yyjson'
    Target 'yyjson' in project 'yyjson' (no dependencies)
    Target 'Crypto' in project 'swift-crypto'
        ➜ Explicit dependency on target 'Crypto' in project 'swift-crypto'
        ➜ Explicit dependency on target 'swift-crypto_Crypto' in project 'swift-crypto'
    Target 'Crypto' in project 'swift-crypto'
        ➜ Explicit dependency on target 'swift-crypto_Crypto' in project 'swift-crypto'
    Target 'swift-crypto_Crypto' in project 'swift-crypto' (no dependencies)
    Target 'Jinja' in project 'Jinja'
        ➜ Explicit dependency on target 'Jinja' in project 'Jinja'
        ➜ Explicit dependency on target 'OrderedCollections' in project 'swift-collections'
    Target 'Jinja' in project 'Jinja'
        ➜ Explicit dependency on target 'OrderedCollections' in project 'swift-collections'
    Target 'OrderedCollections' in project 'swift-collections'
        ➜ Explicit dependency on target 'OrderedCollections' in project 'swift-collections'
        ➜ Explicit dependency on target 'InternalCollectionsUtilities' in project 'swift-collections'
    Target 'OrderedCollections' in project 'swift-collections'
        ➜ Explicit dependency on target 'InternalCollectionsUtilities' in project 'swift-collections'
    Target 'InternalCollectionsUtilities' in project 'swift-collections' (no dependencies)
    Target 'swift-transformers_Hub' in project 'swift-transformers' (no dependencies)

GatherProvisioningInputs

CreateBuildDescription

ExecuteExternalTool /Applications/Xcode.app/Contents/Developer/Toolchains/XcodeDefault.xctoolchain/usr/bin/swiftc --version

ExecuteExternalTool /Applications/Xcode.app/Contents/Developer/Toolchains/XcodeDefault.xctoolchain/usr/bin/clang -v -E -dM -arch arm64 -isysroot /Applications/Xcode.app/Contents/Developer/Platforms/MacOSX.platform/Developer/SDKs/MacOSX26.5.sdk -x c -c /dev/null

ExecuteExternalTool /Applications/Xcode.app/Contents/Developer/Toolchains/XcodeDefault.xctoolchain/usr/bin/clang -v -E -dM -arch arm64 -isysroot /Applications/Xcode.app/Contents/Developer/Platforms/MacOSX.platform/Developer/SDKs/MacOSX26.5.sdk -x c++ -c /dev/null

ExecuteExternalTool /Applications/Xcode.app/Contents/Developer/Toolchains/XcodeDefault.xctoolchain/usr/bin/clang -v -E -dM -isysroot /Applications/Xcode.app/Contents/Developer/Platforms/MacOSX.platform/Developer/SDKs/MacOSX26.5.sdk -x c -c /dev/null

ExecuteExternalTool /Applications/Xcode.app/Contents/Developer/Toolchains/XcodeDefault.xctoolchain/usr/bin/ld -version_details

ReadFileContents /Applications/Xcode.app/Contents/Developer/Toolchains/XcodeDefault.xctoolchain/usr/share/docc/features.json

Build description signature: 1fd94b1ba35bf4c9977620e5902c8a5b
Build description path: /Users/minghualiu/personal/EastlakeStudio/mttone/MttoneApp/build_output/Build/Intermediates.noindex/XCBuildData/1fd94b1ba35bf4c9977620e5902c8a5b.xcbuilddata
ClangStatCache /Applications/Xcode.app/Contents/Developer/Toolchains/XcodeDefault.xctoolchain/usr/bin/clang-stat-cache /Applications/Xcode.app/Contents/Developer/Platforms/MacOSX.platform/Developer/SDKs/MacOSX26.5.sdk /Users/minghualiu/personal/EastlakeStudio/mttone/MttoneApp/build_output/SDKStatCaches.noindex/macosx26.5-25F70-e082c4a02f00227109f4ed75e425c832.sdkstatcache
    cd /Users/minghualiu/personal/EastlakeStudio/mttone/MttoneApp/Mttone.xcodeproj
    /Applications/Xcode.app/Contents/Developer/Toolchains/XcodeDefault.xctoolchain/usr/bin/clang-stat-cache /Applications/Xcode.app/Contents/Developer/Platforms/MacOSX.platform/Developer/SDKs/MacOSX26.5.sdk -o /Users/minghualiu/personal/EastlakeStudio/mttone/MttoneApp/build_output/SDKStatCaches.noindex/macosx26.5-25F70-e082c4a02f00227109f4ed75e425c832.sdkstatcache

ProcessInfoPlistFile /Users/minghualiu/personal/EastlakeStudio/mttone/MttoneApp/build_output/Build/Products/Debug/swift-crypto_Crypto.bundle/Contents/Info.plist /Users/minghualiu/personal/EastlakeStudio/mttone/MttoneApp/build_output/Build/Intermediates.noindex/swift-crypto.build/Debug/swift-crypto_Crypto.build/empty-swift-crypto_Crypto.plist (in target 'swift-crypto_Crypto' from project 'swift-crypto')
    cd /Users/minghualiu/personal/EastlakeStudio/mttone/MttoneApp/build_output/SourcePackages/checkouts/swift-crypto
    builtin-infoPlistUtility /Users/minghualiu/personal/EastlakeStudio/mttone/MttoneApp/build_output/Build/Intermediates.noindex/swift-crypto.build/Debug/swift-crypto_Crypto.build/empty-swift-crypto_Crypto.plist -producttype com.apple.product-type.bundle -expandbuildsettings -platform macosx -o /Users/minghualiu/personal/EastlakeStudio/mttone/MttoneApp/build_output/Build/Products/Debug/swift-crypto_Crypto.bundle/Contents/Info.plist

ProcessInfoPlistFile /Users/minghualiu/personal/EastlakeStudio/mttone/MttoneApp/build_output/Build/Products/Debug/swift-transformers_Hub.bundle/Contents/Info.plist /Users/minghualiu/personal/EastlakeStudio/mttone/MttoneApp/build_output/Build/Intermediates.noindex/swift-transformers.build/Debug/swift-transformers_Hub.build/empty-swift-transformers_Hub.plist (in target 'swift-transformers_Hub' from project 'swift-transformers')
    cd /Users/minghualiu/personal/EastlakeStudio/mttone/MttoneApp/build_output/SourcePackages/checkouts/swift-transformers
    builtin-infoPlistUtility /Users/minghualiu/personal/EastlakeStudio/mttone/MttoneApp/build_output/Build/Intermediates.noindex/swift-transformers.build/Debug/swift-transformers_Hub.build/empty-swift-transformers_Hub.plist -producttype com.apple.product-type.bundle -expandbuildsettings -platform macosx -o /Users/minghualiu/personal/EastlakeStudio/mttone/MttoneApp/build_output/Build/Products/Debug/swift-transformers_Hub.bundle/Contents/Info.plist

SwiftDriver Mttone normal arm64 com.apple.xcode.tools.swift.compiler (in target 'Mttone' from project 'Mttone')
    cd /Users/minghualiu/personal/EastlakeStudio/mttone/MttoneApp
    builtin-SwiftDriver -- /Applications/Xcode.app/Contents/Developer/Toolchains/XcodeDefault.xctoolchain/usr/bin/swiftc -module-name Mttone -Onone @/Users/minghualiu/personal/EastlakeStudio/mttone/MttoneApp/build_output/Build/Intermediates.noindex/Mttone.build/Debug/Mttone.build/Objects-normal/arm64/Mttone.SwiftFileList -DDEBUG -Xcc -fmodule-map-file\=/Users/minghualiu/personal/EastlakeStudio/mttone/MttoneApp/build_output/Build/Intermediates.noindex/GeneratedModuleMaps/yyjson.modulemap -enable-bare-slash-regex -enable-experimental-feature DebugDescriptionMacro -sdk /Applications/Xcode.app/Contents/Developer/Platforms/MacOSX.platform/Developer/SDKs/MacOSX26.5.sdk -target arm64-apple-macos15.6 -g -module-cache-path /Users/minghualiu/personal/EastlakeStudio/mttone/MttoneApp/build_output/ModuleCache.noindex -Xfrontend -serialize-debugging-options -profile-coverage-mapping -profile-generate -enable-testing -index-store-path /Users/minghualiu/personal/EastlakeStudio/mttone/MttoneApp/build_output/Index.noindex/DataStore -Xcc -D_LIBCPP_HARDENING_MODE\=_LIBCPP_HARDENING_MODE_DEBUG -swift-version 5 -I /Users/minghualiu/personal/EastlakeStudio/mttone/MttoneApp/build_output/Build/Products/Debug -F /Users/minghualiu/personal/EastlakeStudio/mttone/MttoneApp/build_output/Build/Products/Debug/PackageFrameworks -F /Users/minghualiu/personal/EastlakeStudio/mttone/MttoneApp/build_output/Build/Products/Debug/PackageFrameworks -F /Users/minghualiu/personal/EastlakeStudio/mttone/MttoneApp/build_output/Build/Products/Debug/PackageFrameworks -F /Users/minghualiu/personal/EastlakeStudio/mttone/MttoneApp/build_output/Build/Products/Debug/PackageFrameworks -F /Users/minghualiu/personal/EastlakeStudio/mttone/MttoneApp/build_output/Build/Products/Debug/PackageFrameworks -F /Users/minghualiu/personal/EastlakeStudio/mttone/MttoneApp/build_output/Build/Products/Debug/PackageFrameworks -F /Users/minghualiu/personal/EastlakeStudio/mttone/MttoneApp/build_output/Build/Products/Debug/PackageFrameworks -F /Users/minghualiu/personal/EastlakeStudio/mttone/MttoneApp/build_output/Build/Products/Debug/PackageFrameworks -F /Users/minghualiu/personal/EastlakeStudio/mttone/MttoneApp/build_output/Build/Products/Debug/PackageFrameworks -F /Users/minghualiu/personal/EastlakeStudio/mttone/MttoneApp/build_output/Build/Products/Debug/PackageFrameworks -F /Users/minghualiu/personal/EastlakeStudio/mttone/MttoneApp/build_output/Build/Products/Debug/PackageFrameworks -F /Users/minghualiu/personal/EastlakeStudio/mttone/MttoneApp/build_output/Build/Products/Debug/PackageFrameworks -F /Users/minghualiu/personal/EastlakeStudio/mttone/MttoneApp/build_output/Build/Products/Debug -c -j8 -enable-batch-mode -incremental -Xcc -ivfsstatcache -Xcc /Users/minghualiu/personal/EastlakeStudio/mttone/MttoneApp/build_output/SDKStatCaches.noindex/macosx26.5-25F70-e082c4a02f00227109f4ed75e425c832.sdkstatcache -output-file-map /Users/minghualiu/personal/EastlakeStudio/mttone/MttoneApp/build_output/Build/Intermediates.noindex/Mttone.build/Debug/Mttone.build/Objects-normal/arm64/Mttone-OutputFileMap.json -use-frontend-parseable-output -save-temps -no-color-diagnostics -explicit-module-build -module-cache-path /Users/minghualiu/personal/EastlakeStudio/mttone/MttoneApp/build_output/Build/Intermediates.noindex/SwiftExplicitPrecompiledModules -clang-scanner-module-cache-path /Users/minghualiu/personal/EastlakeStudio/mttone/MttoneApp/build_output/ModuleCache.noindex -sdk-module-cache-path /Users/minghualiu/personal/EastlakeStudio/mttone/MttoneApp/build_output/ModuleCache.noindex -serialize-diagnostics -emit-dependencies -emit-module -emit-module-path /Users/minghualiu/personal/EastlakeStudio/mttone/MttoneApp/build_output/Build/Intermediates.noindex/Mttone.build/Debug/Mttone.build/Objects-normal/arm64/Mttone.swiftmodule -validate-clang-modules-once -clang-build-session-file /Users/minghualiu/personal/EastlakeStudio/mttone/MttoneApp/build_output/ModuleCache.noindex/Session.modulevalidation -Xcc -I/Users/minghualiu/personal/EastlakeStudio/mttone/MttoneApp/build_output/Build/Intermediates.noindex/Mttone.build/Debug/Mttone.build/swift-overrides.hmap -emit-const-values -Xfrontend -const-gather-protocols-file -Xfrontend /Users/minghualiu/personal/EastlakeStudio/mttone/MttoneApp/build_output/Build/Intermediates.noindex/Mttone.build/Debug/Mttone.build/Objects-normal/arm64/Mttone_const_extract_protocols.json -Xcc -iquote -Xcc /Users/minghualiu/personal/EastlakeStudio/mttone/MttoneApp/build_output/Build/Intermediates.noindex/Mttone.build/Debug/Mttone.build/Mttone-generated-files.hmap -Xcc -I/Users/minghualiu/personal/EastlakeStudio/mttone/MttoneApp/build_output/Build/Intermediates.noindex/Mttone.build/Debug/Mttone.build/Mttone-own-target-headers.hmap -Xcc -I/Users/minghualiu/personal/EastlakeStudio/mttone/MttoneApp/build_output/Build/Intermediates.noindex/Mttone.build/Debug/Mttone.build/Mttone-all-non-framework-target-headers.hmap -Xcc -ivfsoverlay -Xcc /Users/minghualiu/personal/EastlakeStudio/mttone/MttoneApp/build_output/Build/Intermediates.noindex/Mttone.build/Debug/Mttone-b937bad3ef5f7937d0f381822fd2822d-VFS/all-product-headers.yaml -Xcc -iquote -Xcc /Users/minghualiu/personal/EastlakeStudio/mttone/MttoneApp/build_output/Build/Intermediates.noindex/Mttone.build/Debug/Mttone.build/Mttone-project-headers.hmap -Xcc -I/Users/minghualiu/personal/EastlakeStudio/mttone/MttoneApp/build_output/SourcePackages/checkouts/yyjson/src -Xcc -I/Users/minghualiu/personal/EastlakeStudio/mttone/MttoneApp/build_output/SourcePackages/checkouts/FluidAudio/Sources/MachTaskSelfWrapper/include -Xcc -I/Users/minghualiu/personal/EastlakeStudio/mttone/MttoneApp/build_output/SourcePackages/checkouts/FluidAudio/Sources/FastClusterWrapper/include -Xcc -I/Users/minghualiu/personal/EastlakeStudio/mttone/MttoneApp/build_output/Build/Products/Debug/include -Xcc -I/Users/minghualiu/personal/EastlakeStudio/mttone/MttoneApp/build_output/Build/Intermediates.noindex/Mttone.build/Debug/Mttone.build/DerivedSources-normal/arm64 -Xcc -I/Users/minghualiu/personal/EastlakeStudio/mttone/MttoneApp/build_output/Build/Intermediates.noindex/Mttone.build/Debug/Mttone.build/DerivedSources/arm64 -Xcc -I/Users/minghualiu/personal/EastlakeStudio/mttone/MttoneApp/build_output/Build/Intermediates.noindex/Mttone.build/Debug/Mttone.build/DerivedSources -Xcc -DDEBUG\=1 -emit-objc-header -emit-objc-header-path /Users/minghualiu/personal/EastlakeStudio/mttone/MttoneApp/build_output/Build/Intermediates.noindex/Mttone.build/Debug/Mttone.build/Objects-normal/arm64/Mttone-Swift.h -working-directory /Users/minghualiu/personal/EastlakeStudio/mttone/MttoneApp -experimental-emit-module-separately -disable-cmo

SwiftCompile normal arm64 Compiling\ NewMeetingSheet.swift /Users/minghualiu/personal/EastlakeStudio/mttone/MttoneApp/Mttone/Views/NewMeetingSheet.swift (in target 'Mttone' from project 'Mttone')

SwiftCompile normal arm64 /Users/minghualiu/personal/EastlakeStudio/mttone/MttoneApp/Mttone/Views/NewMeetingSheet.swift (in target 'Mttone' from project 'Mttone')
    cd /Users/minghualiu/personal/EastlakeStudio/mttone/MttoneApp
    
/Users/minghualiu/personal/EastlakeStudio/mttone/MttoneApp/Mttone/Views/NewMeetingSheet.swift:216:98: error: result values in '? :' expression have mismatching types 'Color' and 'some ShapeStyle'
                            .background(viewModel.recordingMode == .liveRecording ? Color.purple.opacity(0.15) : Color.quaternary.opacity(0.3))
                                                                                    ~~~~~~~~~~~~~^~~~~~~~~~~~~
/Users/minghualiu/personal/EastlakeStudio/mttone/MttoneApp/Mttone/Views/NewMeetingSheet.swift:216:114: error: instance member 'quaternary' cannot be used on type 'Color'; did you mean to use a value of this type instead?
                            .background(viewModel.recordingMode == .liveRecording ? Color.purple.opacity(0.15) : Color.quaternary.opacity(0.3))
                                                                                                                 ^~~~~

Failed frontend command:
/Applications/Xcode.app/Contents/Developer/Toolchains/XcodeDefault.xctoolchain/usr/bin/swift-frontend -frontend -c /Users/minghualiu/personal/EastlakeStudio/mttone/MttoneApp/Mttone/Services/AudioPlayer.swift /Users/minghualiu/personal/EastlakeStudio/mttone/MttoneApp/Mttone/Services/AudioRecorder.swift /Users/minghualiu/personal/EastlakeStudio/mttone/MttoneApp/Mttone/Views/ContentView.swift /Users/minghualiu/personal/EastlakeStudio/mttone/MttoneApp/Mttone/Services/DatabaseManager.swift /Users/minghualiu/personal/EastlakeStudio/mttone/MttoneApp/Mttone/Services/DiarizationService.swift /Users/minghualiu/personal/EastlakeStudio/mttone/MttoneApp/Mttone/Views/MeetingListView.swift /Users/minghualiu/personal/EastlakeStudio/mttone/MttoneApp/Mttone/ViewModels/MeetingListViewModel.swift /Users/minghualiu/personal/EastlakeStudio/mttone/MttoneApp/Mttone/Models/Models.swift /Users/minghualiu/personal/EastlakeStudio/mttone/MttoneApp/Mttone/MttoneApp.swift -primary-file /Users/minghualiu/personal/EastlakeStudio/mttone/MttoneApp/Mttone/Views/NewMeetingSheet.swift /Users/minghualiu/personal/EastlakeStudio/mttone/MttoneApp/Mttone/Views/RecordingView.swift /Users/minghualiu/personal/EastlakeStudio/mttone/MttoneApp/Mttone/ViewModels/RecordingViewModel.swift /Users/minghualiu/personal/EastlakeStudio/mttone/MttoneApp/Mttone/Views/ReviewingView.swift /Users/minghualiu/personal/EastlakeStudio/mttone/MttoneApp/Mttone/Services/WhisperService.swift -emit-dependencies-path /Users/minghualiu/personal/EastlakeStudio/mttone/MttoneApp/build_output/Build/Intermediates.noindex/Mttone.build/Debug/Mttone.build/Objects-normal/arm64/NewMeetingSheet.d -emit-const-values-path /Users/minghualiu/personal/EastlakeStudio/mttone/MttoneApp/build_output/Build/Intermediates.noindex/Mttone.build/Debug/Mttone.build/Objects-normal/arm64/NewMeetingSheet.swiftconstvalues -emit-reference-dependencies-path /Users/minghualiu/personal/EastlakeStudio/mttone/MttoneApp/build_output/Build/Intermediates.noindex/Mttone.build/Debug/Mttone.build/Objects-normal/arm64/NewMeetingSheet.swiftdeps -serialize-diagnostics-path /Users/minghualiu/personal/EastlakeStudio/mttone/MttoneApp/build_output/Build/Intermediates.noindex/Mttone.build/Debug/Mttone.build/Objects-normal/arm64/NewMeetingSheet.dia -target arm64-apple-macos15.6 -load-resolved-plugin /Applications/Xcode.app/Contents/Developer/Platforms/MacOSX.platform/Developer/usr/lib/swift/host/plugins/libFoundationMacros.dylib\#/Applications/Xcode.app/Contents/Developer/Platforms/MacOSX.platform/Developer/usr/bin/swift-plugin-server\#FoundationMacros -load-resolved-plugin /Applications/Xcode.app/Contents/Developer/Platforms/MacOSX.platform/Developer/usr/lib/swift/host/plugins/libObservationMacros.dylib\#/Applications/Xcode.app/Contents/Developer/Platforms/MacOSX.platform/Developer/usr/bin/swift-plugin-server\#ObservationMacros -load-resolved-plugin /Applications/Xcode.app/Contents/Developer/Platforms/MacOSX.platform/Developer/usr/lib/swift/host/plugins/libPreviewsMacros.dylib\#/Applications/Xcode.app/Contents/Developer/Platforms/MacOSX.platform/Developer/usr/bin/swift-plugin-server\#PreviewsMacros -load-resolved-plugin /Applications/Xcode.app/Contents/Developer/Platforms/MacOSX.platform/Developer/usr/lib/swift/host/plugins/libSwiftMacros.dylib\#/Applications/Xcode.app/Contents/Developer/Platforms/MacOSX.platform/Developer/usr/bin/swift-plugin-server\#SwiftMacros -load-resolved-plugin /Applications/Xcode.app/Contents/Developer/Platforms/MacOSX.platform/Developer/usr/lib/swift/host/plugins/libSwiftUIMacros.dylib\#/Applications/Xcode.app/Contents/Developer/Platforms/MacOSX.platform/Developer/usr/bin/swift-plugin-server\#SwiftUIMacros -disable-implicit-swift-modules -Xcc -fno-implicit-modules -Xcc -fno-implicit-module-maps -explicit-swift-module-map-file /Users/minghualiu/personal/EastlakeStudio/mttone/MttoneApp/build_output/Build/Intermediates.noindex/Mttone.build/Debug/Mttone.build/Objects-normal/arm64/Mttone-dependencies-1.json -debug-module-path /Users/minghualiu/personal/EastlakeStudio/mttone/MttoneApp/build_output/Build/Intermediates.noindex/Mttone.build/Debug/Mttone.build/Objects-normal/arm64/Mttone.swiftmodule -Xllvm -aarch64-use-tbi -enable-objc-interop -stack-check -sdk /Applications/Xcode.app/Contents/Developer/Platforms/MacOSX.platform/Developer/SDKs/MacOSX26.5.sdk -I /Users/minghualiu/personal/EastlakeStudio/mttone/MttoneApp/build_output/Build/Products/Debug -F /Users/minghualiu/personal/EastlakeStudio/mttone/MttoneApp/build_output/Build/Products/Debug/PackageFrameworks -F /Users/minghualiu/personal/EastlakeStudio/mttone/MttoneApp/build_output/Build/Products/Debug/PackageFrameworks -F /Users/minghualiu/personal/EastlakeStudio/mttone/MttoneApp/build_output/Build/Products/Debug/PackageFrameworks -F /Users/minghualiu/personal/EastlakeStudio/mttone/MttoneApp/build_output/Build/Products/Debug/PackageFrameworks -F /Users/minghualiu/personal/EastlakeStudio/mttone/MttoneApp/build_output/Build/Products/Debug/PackageFrameworks -F /Users/minghualiu/personal/EastlakeStudio/mttone/MttoneApp/build_output/Build/Products/Debug/PackageFrameworks -F /Users/minghualiu/personal/EastlakeStudio/mttone/MttoneApp/build_output/Build/Products/Debug/PackageFrameworks -F /Users/minghualiu/personal/EastlakeStudio/mttone/MttoneApp/build_output/Build/Products/Debug/PackageFrameworks -F /Users/minghualiu/personal/EastlakeStudio/mttone/MttoneApp/build_output/Build/Products/Debug/PackageFrameworks -F /Users/minghualiu/personal/EastlakeStudio/mttone/MttoneApp/build_output/Build/Products/Debug/PackageFrameworks -F /Users/minghualiu/personal/EastlakeStudio/mttone/MttoneApp/build_output/Build/Products/Debug/PackageFrameworks -F /Users/minghualiu/personal/EastlakeStudio/mttone/MttoneApp/build_output/Build/Products/Debug/PackageFrameworks -F /Users/minghualiu/personal/EastlakeStudio/mttone/MttoneApp/build_output/Build/Products/Debug -no-color-diagnostics -Xcc -fno-color-diagnostics -enable-testing -g -debug-info-format\=dwarf -dwarf-version\=5 -module-cache-path /Users/minghualiu/personal/EastlakeStudio/mttone/MttoneApp/build_output/Build/Intermediates.noindex/SwiftExplicitPrecompiledModules -profile-generate -profile-coverage-mapping -swift-version 5 -Onone -D DEBUG -serialize-debugging-options -const-gather-protocols-file /Users/minghualiu/personal/EastlakeStudio/mttone/MttoneApp/build_output/Build/Intermediates.noindex/Mttone.build/Debug/Mttone.build/Objects-normal/arm64/Mttone_const_extract_protocols.json -enable-experimental-feature DebugDescriptionMacro -enable-bare-slash-regex -empty-abi-descriptor -validate-clang-modules-once -clang-build-session-file /Users/minghualiu/personal/EastlakeStudio/mttone/MttoneApp/build_output/ModuleCache.noindex/Session.modulevalidation -Xcc -working-directory -Xcc /Users/minghualiu/personal/EastlakeStudio/mttone/MttoneApp -enable-anonymous-context-mangled-names -file-compilation-dir /Users/minghualiu/personal/EastlakeStudio/mttone/MttoneApp -Xcc -fmodule-map-file\=/Users/minghualiu/personal/EastlakeStudio/mttone/MttoneApp/build_output/Build/Intermediates.noindex/GeneratedModuleMaps/yyjson.modulemap -Xcc -D_LIBCPP_HARDENING_MODE\=_LIBCPP_HARDENING_MODE_DEBUG -Xcc -ivfsstatcache -Xcc /Users/minghualiu/personal/EastlakeStudio/mttone/MttoneApp/build_output/SDKStatCaches.noindex/macosx26.5-25F70-e082c4a02f00227109f4ed75e425c832.sdkstatcache -Xcc -I/Users/minghualiu/personal/EastlakeStudio/mttone/MttoneApp/build_output/Build/Intermediates.noindex/Mttone.build/Debug/Mttone.build/swift-overrides.hmap -Xcc -iquote -Xcc /Users/minghualiu/personal/EastlakeStudio/mttone/MttoneApp/build_output/Build/Intermediates.noindex/Mttone.build/Debug/Mttone.build/Mttone-generated-files.hmap -Xcc -I/Users/minghualiu/personal/EastlakeStudio/mttone/MttoneApp/build_output/Build/Intermediates.noindex/Mttone.build/Debug/Mttone.build/Mttone-own-target-headers.hmap -Xcc -I/Users/minghualiu/personal/EastlakeStudio/mttone/MttoneApp/build_output/Build/Intermediates.noindex/Mttone.build/Debug/Mttone.build/Mttone-all-non-framework-target-headers.hmap -Xcc -ivfsoverlay -Xcc /Users/minghualiu/personal/EastlakeStudio/mttone/MttoneApp/build_output/Build/Intermediates.noindex/Mttone.build/Debug/Mttone-b937bad3ef5f7937d0f381822fd2822d-VFS/all-product-headers.yaml -Xcc -iquote -Xcc /Users/minghualiu/personal/EastlakeStudio/mttone/MttoneApp/build_output/Build/Intermediates.noindex/Mttone.build/Debug/Mttone.build/Mttone-project-headers.hmap -Xcc -I/Users/minghualiu/personal/EastlakeStudio/mttone/MttoneApp/build_output/SourcePackages/checkouts/yyjson/src -Xcc -I/Users/minghualiu/personal/EastlakeStudio/mttone/MttoneApp/build_output/SourcePackages/checkouts/FluidAudio/Sources/MachTaskSelfWrapper/include -Xcc -I/Users/minghualiu/personal/EastlakeStudio/mttone/MttoneApp/build_output/SourcePackages/checkouts/FluidAudio/Sources/FastClusterWrapper/include -Xcc -I/Users/minghualiu/personal/EastlakeStudio/mttone/MttoneApp/build_output/Build/Products/Debug/include -Xcc -I/Users/minghualiu/personal/EastlakeStudio/mttone/MttoneApp/build_output/Build/Intermediates.noindex/Mttone.build/Debug/Mttone.build/DerivedSources-normal/arm64 -Xcc -I/Users/minghualiu/personal/EastlakeStudio/mttone/MttoneApp/build_output/Build/Intermediates.noindex/Mttone.build/Debug/Mttone.build/DerivedSources/arm64 -Xcc -I/Users/minghualiu/personal/EastlakeStudio/mttone/MttoneApp/build_output/Build/Intermediates.noindex/Mttone.build/Debug/Mttone.build/DerivedSources -Xcc -DDEBUG\=1 -no-auto-bridging-header-chaining -module-name Mttone -frontend-parseable-output -disable-clang-spi -clang-target arm64-apple-macos26.5 -target-sdk-version 26.5 -target-sdk-name macosx26.5 -in-process-plugin-server-path /Applications/Xcode.app/Contents/Developer/Toolchains/XcodeDefault.xctoolchain/usr/lib/swift/host/libSwiftInProcPluginServer.dylib -o /Users/minghualiu/personal/EastlakeStudio/mttone/MttoneApp/build_output/Build/Intermediates.noindex/Mttone.build/Debug/Mttone.build/Objects-normal/arm64/NewMeetingSheet.o -index-unit-output-path /Mttone.build/Debug/Mttone.build/Objects-normal/arm64/NewMeetingSheet.o -index-store-path /Users/minghualiu/personal/EastlakeStudio/mttone/MttoneApp/build_output/Index.noindex/DataStore -index-system-modules
SwiftEmitModule normal arm64 Emitting\ module\ for\ Mttone (in target 'Mttone' from project 'Mttone')

EmitSwiftModule normal arm64 (in target 'Mttone' from project 'Mttone')
    cd /Users/minghualiu/personal/EastlakeStudio/mttone/MttoneApp
    

** BUILD FAILED **


The following build commands failed:
	SwiftCompile normal arm64 /Users/minghualiu/personal/EastlakeStudio/mttone/MttoneApp/Mttone/Views/NewMeetingSheet.swift (in target 'Mttone' from project 'Mttone')
	SwiftCompile normal arm64 Compiling\ NewMeetingSheet.swift /Users/minghualiu/personal/EastlakeStudio/mttone/MttoneApp/Mttone/Views/NewMeetingSheet.swift (in target 'Mttone' from project 'Mttone')
	Building project Mttone with scheme Mttone and configuration Debug
(3 failures)
